e:\compilers\sdl-dna\sdl-dna\visualc\sdl\win32\debug\sys.obj
e:\compilers\sdl-dna\sdl-dna\visualc\sdl\win32\debug\bytecode.obj
e:\compilers\sdl-dna\sdl-dna\visualc\sdl\win32\debug\rva.obj
e:\compilers\sdl-dna\sdl-dna\visualc\sdl\win32\debug\reflection.obj
e:\compilers\sdl-dna\sdl-dna\visualc\sdl\win32\debug\pinvoke.obj
e:\compilers\sdl-dna\sdl-dna\visualc\sdl\win32\debug\methodstate.obj
e:\compilers\sdl-dna\sdl-dna\visualc\sdl\win32\debug\metadata_search.obj
e:\compilers\sdl-dna\sdl-dna\visualc\sdl\win32\debug\metadata_fill.obj
e:\compilers\sdl-dna\sdl-dna\visualc\sdl\win32\debug\metadata.obj
e:\compilers\sdl-dna\sdl-dna\visualc\sdl\win32\debug\jit_opcodetostring.obj
e:\compilers\sdl-dna\sdl-dna\visualc\sdl\win32\debug\jit_execute.obj
e:\compilers\sdl-dna\sdl-dna\visualc\sdl\win32\debug\jit.obj
e:\compilers\sdl-dna\sdl-dna\visualc\sdl\win32\debug\internalcall.obj
e:\compilers\sdl-dna\sdl-dna\visualc\sdl\win32\debug\heap.obj
e:\compilers\sdl-dna\sdl-dna\visualc\sdl\win32\debug\hashmap.obj
e:\compilers\sdl-dna\sdl-dna\visualc\sdl\win32\debug\generics.obj
e:\compilers\sdl-dna\sdl-dna\visualc\sdl\win32\debug\finalizer.obj
e:\compilers\sdl-dna\sdl-dna\visualc\sdl\win32\debug\delegate.obj
e:\compilers\sdl-dna\sdl-dna\visualc\sdl\win32\debug\clifile.obj
e:\compilers\sdl-dna\sdl-dna\visualc\sdl\win32\debug\bytecode_execute.obj
e:\compilers\sdl-dna\sdl-dna\visualc\sdl\win32\debug\system.type.obj
e:\compilers\sdl-dna\sdl-dna\visualc\sdl\win32\debug\system.threading.thread.obj
e:\compilers\sdl-dna\sdl-dna\visualc\sdl\win32\debug\system.threading.monitor.obj
e:\compilers\sdl-dna\sdl-dna\visualc\sdl\win32\debug\system.threading.interlocked.obj
e:\compilers\sdl-dna\sdl-dna\visualc\sdl\win32\debug\system.string.obj
e:\compilers\sdl-dna\sdl-dna\visualc\sdl\win32\debug\system.runtimetype.obj
e:\compilers\sdl-dna\sdl-dna\visualc\sdl\win32\debug\system.runtime.compilerservices.runtimehelpers.obj
e:\compilers\sdl-dna\sdl-dna\visualc\sdl\win32\debug\system.object.obj
e:\compilers\sdl-dna\sdl-dna\visualc\sdl\win32\debug\system.net.sockets.socket.obj
e:\compilers\sdl-dna\sdl-dna\visualc\sdl\win32\debug\system.net.dns.obj
e:\compilers\sdl-dna\sdl-dna\visualc\sdl\win32\debug\system.math.obj
e:\compilers\sdl-dna\sdl-dna\visualc\sdl\win32\debug\system.io.fileinternal.obj
e:\compilers\sdl-dna\sdl-dna\visualc\sdl\win32\debug\system.gc.obj
e:\compilers\sdl-dna\sdl-dna\visualc\sdl\win32\debug\system.environment.obj
e:\compilers\sdl-dna\sdl-dna\visualc\sdl\win32\debug\system.enum.obj
e:\compilers\sdl-dna\sdl-dna\visualc\sdl\win32\debug\system.diagnostics.debugger.obj
e:\compilers\sdl-dna\sdl-dna\visualc\sdl\win32\debug\system.datetime.obj
e:\compilers\sdl-dna\sdl-dna\visualc\sdl\win32\debug\system.console.obj
e:\compilers\sdl-dna\sdl-dna\visualc\sdl\win32\debug\system.char.obj
e:\compilers\sdl-dna\sdl-dna\visualc\sdl\win32\debug\system.array.obj
e:\compilers\sdl-dna\sdl-dna\visualc\sdl\win32\debug\s_sin.obj
e:\compilers\sdl-dna\sdl-dna\visualc\sdl\win32\debug\s_scalbn.obj
e:\compilers\sdl-dna\sdl-dna\visualc\sdl\win32\debug\s_floor.obj
e:\compilers\sdl-dna\sdl-dna\visualc\sdl\win32\debug\s_fabs.obj
e:\compilers\sdl-dna\sdl-dna\visualc\sdl\win32\debug\s_cos.obj
e:\compilers\sdl-dna\sdl-dna\visualc\sdl\win32\debug\s_copysign.obj
e:\compilers\sdl-dna\sdl-dna\visualc\sdl\win32\debug\s_atan.obj
e:\compilers\sdl-dna\sdl-dna\visualc\sdl\win32\debug\k_tan.obj
e:\compilers\sdl-dna\sdl-dna\visualc\sdl\win32\debug\k_sin.obj
e:\compilers\sdl-dna\sdl-dna\visualc\sdl\win32\debug\k_rem_pio2.obj
e:\compilers\sdl-dna\sdl-dna\visualc\sdl\win32\debug\k_cos.obj
e:\compilers\sdl-dna\sdl-dna\visualc\sdl\win32\debug\e_sqrt.obj
e:\compilers\sdl-dna\sdl-dna\visualc\sdl\win32\debug\e_rem_pio2.obj
e:\compilers\sdl-dna\sdl-dna\visualc\sdl\win32\debug\e_pow.obj
e:\compilers\sdl-dna\sdl-dna\visualc\sdl\win32\debug\e_log.obj
e:\compilers\sdl-dna\sdl-dna\visualc\sdl\win32\debug\e_atan2.obj
e:\compilers\sdl-dna\sdl-dna\visualc\sdl\win32\debug\type.obj
e:\compilers\sdl-dna\sdl-dna\visualc\sdl\win32\debug\thread.obj
e:\compilers\sdl-dna\sdl-dna\visualc\sdl\win32\debug\system.weakreference.obj
e:\compilers\sdl-dna\sdl-dna\visualc\sdl\win32\debug\system.valuetype.obj
e:\compilers\sdl-dna\sdl-dna\visualc\sdl\win32\debug\sdl_bmp.obj
e:\compilers\sdl-dna\sdl-dna\visualc\sdl\win32\debug\sdl_blit_slow.obj
e:\compilers\sdl-dna\sdl-dna\visualc\sdl\win32\debug\sdl_blit_n.obj
e:\compilers\sdl-dna\sdl-dna\visualc\sdl\win32\debug\sdl_blit_copy.obj
e:\compilers\sdl-dna\sdl-dna\visualc\sdl\win32\debug\sdl_blit_auto.obj
e:\compilers\sdl-dna\sdl-dna\visualc\sdl\win32\debug\sdl_blit_a.obj
e:\compilers\sdl-dna\sdl-dna\visualc\sdl\win32\debug\sdl_blit_1.obj
e:\compilers\sdl-dna\sdl-dna\visualc\sdl\win32\debug\sdl_blit_0.obj
e:\compilers\sdl-dna\sdl-dna\visualc\sdl\win32\debug\sdl_blit.obj
e:\compilers\sdl-dna\sdl-dna\visualc\sdl\win32\debug\sdl_blendpoint.obj
e:\compilers\sdl-dna\sdl-dna\visualc\sdl\win32\debug\sdl_blendline.obj
e:\compilers\sdl-dna\sdl-dna\visualc\sdl\win32\debug\sdl_blendfillrect.obj
e:\compilers\sdl-dna\sdl-dna\visualc\sdl\win32\debug\sdl_audiotypecvt.obj
e:\compilers\sdl-dna\sdl-dna\visualc\sdl\win32\debug\sdl_audiodev.obj
e:\compilers\sdl-dna\sdl-dna\visualc\sdl\win32\debug\sdl_audiocvt.obj
e:\compilers\sdl-dna\sdl-dna\visualc\sdl\win32\debug\sdl_audio.obj
e:\compilers\sdl-dna\sdl-dna\visualc\sdl\win32\debug\sdl_atomic.obj
e:\compilers\sdl-dna\sdl-dna\visualc\sdl\win32\debug\sdl_assert.obj
e:\compilers\sdl-dna\sdl-dna\visualc\sdl\win32\debug\sdl.obj
e:\compilers\sdl-dna\sdl-dna\visualc\sdl\win32\debug\s_tan.obj
e:\compilers\sdl-dna\sdl-dna\visualc\sdl\win32\debug\sdl_getenv.obj
e:\compilers\sdl-dna\sdl-dna\visualc\sdl\win32\debug\sdl_gesture.obj
e:\compilers\sdl-dna\sdl-dna\visualc\sdl\win32\debug\sdl_gamecontroller.obj
e:\compilers\sdl-dna\sdl-dna\visualc\sdl\win32\debug\sdl_fillrect.obj
e:\compilers\sdl-dna\sdl-dna\visualc\sdl\win32\debug\sdl_events.obj
e:\compilers\sdl-dna\sdl-dna\visualc\sdl\win32\debug\sdl_error.obj
e:\compilers\sdl-dna\sdl-dna\visualc\sdl\win32\debug\sdl_egl.obj
e:\compilers\sdl-dna\sdl-dna\visualc\sdl\win32\debug\sdl_dynapi.obj
e:\compilers\sdl-dna\sdl-dna\visualc\sdl\win32\debug\sdl_dummyaudio.obj
e:\compilers\sdl-dna\sdl-dna\visualc\sdl\win32\debug\sdl_dropevents.obj
e:\compilers\sdl-dna\sdl-dna\visualc\sdl\win32\debug\sdl_drawpoint.obj
e:\compilers\sdl-dna\sdl-dna\visualc\sdl\win32\debug\sdl_drawline.obj
e:\compilers\sdl-dna\sdl-dna\visualc\sdl\win32\debug\sdl_diskaudio.obj
e:\compilers\sdl-dna\sdl-dna\visualc\sdl\win32\debug\sdl_directsound.obj
e:\compilers\sdl-dna\sdl-dna\visualc\sdl\win32\debug\sdl_dinputjoystick.obj
e:\compilers\sdl-dna\sdl-dna\visualc\sdl\win32\debug\sdl_dinputhaptic.obj
e:\compilers\sdl-dna\sdl-dna\visualc\sdl\win32\debug\sdl_d3dmath.obj
e:\compilers\sdl-dna\sdl-dna\visualc\sdl\win32\debug\sdl_cpuinfo.obj
e:\compilers\sdl-dna\sdl-dna\visualc\sdl\win32\debug\sdl_clipboardevents.obj
e:\compilers\sdl-dna\sdl-dna\visualc\sdl\win32\debug\sdl_clipboard.obj
e:\compilers\sdl-dna\sdl-dna\visualc\sdl\win32\debug\sdl_render_d3d.obj
e:\compilers\sdl-dna\sdl-dna\visualc\sdl\win32\debug\sdl_render.obj
e:\compilers\sdl-dna\sdl-dna\visualc\sdl\win32\debug\sdl_rect.obj
e:\compilers\sdl-dna\sdl-dna\visualc\sdl\win32\debug\sdl_quit.obj
e:\compilers\sdl-dna\sdl-dna\visualc\sdl\win32\debug\sdl_qsort.obj
e:\compilers\sdl-dna\sdl-dna\visualc\sdl\win32\debug\sdl_power.obj
e:\compilers\sdl-dna\sdl-dna\visualc\sdl\win32\debug\sdl_pixels.obj
e:\compilers\sdl-dna\sdl-dna\visualc\sdl\win32\debug\sdl_nullvideo.obj
e:\compilers\sdl-dna\sdl-dna\visualc\sdl\win32\debug\sdl_nullframebuffer.obj
e:\compilers\sdl-dna\sdl-dna\visualc\sdl\win32\debug\sdl_nullevents.obj
e:\compilers\sdl-dna\sdl-dna\visualc\sdl\win32\debug\sdl_mouse.obj
e:\compilers\sdl-dna\sdl-dna\visualc\sdl\win32\debug\sdl_mmjoystick.obj
e:\compilers\sdl-dna\sdl-dna\visualc\sdl\win32\debug\sdl_mixer.obj
e:\compilers\sdl-dna\sdl-dna\visualc\sdl\win32\debug\sdl_malloc.obj
e:\compilers\sdl-dna\sdl-dna\visualc\sdl\win32\debug\sdl_log.obj
e:\compilers\sdl-dna\sdl-dna\visualc\sdl\win32\debug\sdl_keyboard.obj
e:\compilers\sdl-dna\sdl-dna\visualc\sdl\win32\debug\sdl_joystick.obj
e:\compilers\sdl-dna\sdl-dna\visualc\sdl\win32\debug\sdl_iconv.obj
e:\compilers\sdl-dna\sdl-dna\visualc\sdl\win32\debug\sdl_hints.obj
e:\compilers\sdl-dna\sdl-dna\visualc\sdl\win32\debug\sdl_haptic.obj
e:\compilers\sdl-dna\sdl-dna\visualc\sdl\win32\debug\sdl_syspower.obj
e:\compilers\sdl-dna\sdl-dna\visualc\sdl\win32\debug\sdl_sysmutex.obj
e:\compilers\sdl-dna\sdl-dna\visualc\sdl\win32\debug\sdl_sysloadso.obj
e:\compilers\sdl-dna\sdl-dna\visualc\sdl\win32\debug\sdl_sysfilesystem.obj
e:\compilers\sdl-dna\sdl-dna\visualc\sdl\win32\debug\sdl_syscond.obj
e:\compilers\sdl-dna\sdl-dna\visualc\sdl\win32\debug\sdl_surface.obj
e:\compilers\sdl-dna\sdl-dna\visualc\sdl\win32\debug\sdl_string.obj
e:\compilers\sdl-dna\sdl-dna\visualc\sdl\win32\debug\sdl_stretch.obj
e:\compilers\sdl-dna\sdl-dna\visualc\sdl\win32\debug\sdl_stdlib.obj
e:\compilers\sdl-dna\sdl-dna\visualc\sdl\win32\debug\sdl_spinlock.obj
e:\compilers\sdl-dna\sdl-dna\visualc\sdl\win32\debug\sdl_shape.obj
e:\compilers\sdl-dna\sdl-dna\visualc\sdl\win32\debug\sdl_shaders_gles2.obj
e:\compilers\sdl-dna\sdl-dna\visualc\sdl\win32\debug\sdl_shaders_gl.obj
e:\compilers\sdl-dna\sdl-dna\visualc\sdl\win32\debug\sdl_rwops.obj
e:\compilers\sdl-dna\sdl-dna\visualc\sdl\win32\debug\sdl_rotate.obj
e:\compilers\sdl-dna\sdl-dna\visualc\sdl\win32\debug\sdl_rleaccel.obj
e:\compilers\sdl-dna\sdl-dna\visualc\sdl\win32\debug\sdl_render_sw.obj
e:\compilers\sdl-dna\sdl-dna\visualc\sdl\win32\debug\sdl_render_gles2.obj
e:\compilers\sdl-dna\sdl-dna\visualc\sdl\win32\debug\sdl_render_gl.obj
e:\compilers\sdl-dna\sdl-dna\visualc\sdl\win32\debug\sdl_render_d3d11.obj
e:\compilers\sdl-dna\sdl-dna\visualc\sdl\win32\debug\sdl_windowsmouse.obj
e:\compilers\sdl-dna\sdl-dna\visualc\sdl\win32\debug\sdl_windowsmodes.obj
e:\compilers\sdl-dna\sdl-dna\visualc\sdl\win32\debug\sdl_windowsmessagebox.obj
e:\compilers\sdl-dna\sdl-dna\visualc\sdl\win32\debug\sdl_windowskeyboard.obj
e:\compilers\sdl-dna\sdl-dna\visualc\sdl\win32\debug\sdl_windowsjoystick.obj
e:\compilers\sdl-dna\sdl-dna\visualc\sdl\win32\debug\sdl_windowshaptic.obj
e:\compilers\sdl-dna\sdl-dna\visualc\sdl\win32\debug\sdl_windowsframebuffer.obj
e:\compilers\sdl-dna\sdl-dna\visualc\sdl\win32\debug\sdl_windowsevents.obj
e:\compilers\sdl-dna\sdl-dna\visualc\sdl\win32\debug\sdl_windowsclipboard.obj
e:\compilers\sdl-dna\sdl-dna\visualc\sdl\win32\debug\sdl_windows.obj
e:\compilers\sdl-dna\sdl-dna\visualc\sdl\win32\debug\sdl_windowevents.obj
e:\compilers\sdl-dna\sdl-dna\visualc\sdl\win32\debug\sdl_wave.obj
e:\compilers\sdl-dna\sdl-dna\visualc\sdl\win32\debug\sdl_video.obj
e:\compilers\sdl-dna\sdl-dna\visualc\sdl\win32\debug\sdl_touch.obj
e:\compilers\sdl-dna\sdl-dna\visualc\sdl\win32\debug\sdl_timer.obj
e:\compilers\sdl-dna\sdl-dna\visualc\sdl\win32\debug\sdl_thread.obj
e:\compilers\sdl-dna\sdl-dna\visualc\sdl\win32\debug\sdl_systls.obj
e:\compilers\sdl-dna\sdl-dna\visualc\sdl\win32\debug\sdl_systimer.obj
e:\compilers\sdl-dna\sdl-dna\visualc\sdl\win32\debug\sdl_systhread.obj
e:\compilers\sdl-dna\sdl-dna\visualc\sdl\win32\debug\sdl_syssem.obj
e:\compilers\sdl-dna\sdl-dna\visualc\sdl\win32\debug\sdl_yuv_sw.obj
e:\compilers\sdl-dna\sdl-dna\visualc\sdl\win32\debug\sdl_yuv_mmx.obj
e:\compilers\sdl-dna\sdl-dna\visualc\sdl\win32\debug\sdl_xinputjoystick.obj
e:\compilers\sdl-dna\sdl-dna\visualc\sdl\win32\debug\sdl_xinputhaptic.obj
e:\compilers\sdl-dna\sdl-dna\visualc\sdl\win32\debug\sdl_xinput.obj
e:\compilers\sdl-dna\sdl-dna\visualc\sdl\win32\debug\sdl_xaudio2.obj
e:\compilers\sdl-dna\sdl-dna\visualc\sdl\win32\debug\sdl_winmm.obj
e:\compilers\sdl-dna\sdl-dna\visualc\sdl\win32\debug\sdl_windowswindow.obj
e:\compilers\sdl-dna\sdl-dna\visualc\sdl\win32\debug\sdl_windowsvideo.obj
e:\compilers\sdl-dna\sdl-dna\visualc\sdl\win32\debug\sdl_windowsshape.obj
e:\compilers\sdl-dna\sdl-dna\visualc\sdl\win32\debug\sdl_windowsopengles.obj
e:\compilers\sdl-dna\sdl-dna\visualc\sdl\win32\debug\sdl_windowsopengl.obj
e:\compilers\sdl-dna\sdl-dna\visualc\win32\debug\sdl2.lib
e:\compilers\sdl-dna\sdl-dna\visualc\sdl\win32\debug\version.res
e:\compilers\sdl-dna\sdl-dna\visualc\sdl\win32\debug\sdl2.tlog\cl.command.1.tlog
e:\compilers\sdl-dna\sdl-dna\visualc\sdl\win32\debug\sdl2.tlog\cl.read.1.tlog
e:\compilers\sdl-dna\sdl-dna\visualc\sdl\win32\debug\sdl2.tlog\cl.write.1.tlog
e:\compilers\sdl-dna\sdl-dna\visualc\sdl\win32\debug\sdl2.tlog\lib-link-cvtres.read.1.tlog
e:\compilers\sdl-dna\sdl-dna\visualc\sdl\win32\debug\sdl2.tlog\lib-link-cvtres.write.1.tlog
e:\compilers\sdl-dna\sdl-dna\visualc\sdl\win32\debug\sdl2.tlog\lib.command.1.tlog
e:\compilers\sdl-dna\sdl-dna\visualc\sdl\win32\debug\sdl2.tlog\rc.command.1.tlog
e:\compilers\sdl-dna\sdl-dna\visualc\sdl\win32\debug\sdl2.tlog\rc.read.1.tlog
e:\compilers\sdl-dna\sdl-dna\visualc\sdl\win32\debug\sdl2.tlog\rc.write.1.tlog
