f:\compilers\sdl-dna\sdl-mirror-master\visualc\sdl\win32\release\vc120.pdb
f:\compilers\sdl-dna\sdl-mirror-master\visualc\sdl\win32\release\system.diagnostics.debugger.obj
f:\compilers\sdl-dna\sdl-mirror-master\visualc\sdl\win32\release\system.datetime.obj
f:\compilers\sdl-dna\sdl-mirror-master\visualc\sdl\win32\release\system.console.obj
f:\compilers\sdl-dna\sdl-mirror-master\visualc\sdl\win32\release\system.char.obj
f:\compilers\sdl-dna\sdl-mirror-master\visualc\sdl\win32\release\system.array.obj
f:\compilers\sdl-dna\sdl-mirror-master\visualc\sdl\win32\release\sys.obj
f:\compilers\sdl-dna\sdl-mirror-master\visualc\sdl\win32\release\rva.obj
f:\compilers\sdl-dna\sdl-mirror-master\visualc\sdl\win32\release\pinvoke.obj
f:\compilers\sdl-dna\sdl-mirror-master\visualc\sdl\win32\release\methodstate.obj
f:\compilers\sdl-dna\sdl-mirror-master\visualc\sdl\win32\release\metadata_search.obj
f:\compilers\sdl-dna\sdl-mirror-master\visualc\sdl\win32\release\metadata_fill.obj
f:\compilers\sdl-dna\sdl-mirror-master\visualc\sdl\win32\release\metadata.obj
f:\compilers\sdl-dna\sdl-mirror-master\visualc\sdl\win32\release\jit_execute.obj
f:\compilers\sdl-dna\sdl-mirror-master\visualc\sdl\win32\release\jit.obj
f:\compilers\sdl-dna\sdl-mirror-master\visualc\sdl\win32\release\internalcall.obj
f:\compilers\sdl-dna\sdl-mirror-master\visualc\sdl\win32\release\heap.obj
f:\compilers\sdl-dna\sdl-mirror-master\visualc\sdl\win32\release\generics.obj
f:\compilers\sdl-dna\sdl-mirror-master\visualc\sdl\win32\release\finalizer.obj
f:\compilers\sdl-dna\sdl-mirror-master\visualc\sdl\win32\release\delegate.obj
f:\compilers\sdl-dna\sdl-mirror-master\visualc\sdl\win32\release\clifile.obj
f:\compilers\sdl-dna\sdl-mirror-master\visualc\sdl\win32\release\e_atan2.obj
f:\compilers\sdl-dna\sdl-mirror-master\visualc\sdl\win32\release\type.obj
f:\compilers\sdl-dna\sdl-mirror-master\visualc\sdl\win32\release\thread.obj
f:\compilers\sdl-dna\sdl-mirror-master\visualc\sdl\win32\release\system.weakreference.obj
f:\compilers\sdl-dna\sdl-mirror-master\visualc\sdl\win32\release\system.valuetype.obj
f:\compilers\sdl-dna\sdl-mirror-master\visualc\sdl\win32\release\system.type.obj
f:\compilers\sdl-dna\sdl-mirror-master\visualc\sdl\win32\release\system.threading.thread.obj
f:\compilers\sdl-dna\sdl-mirror-master\visualc\sdl\win32\release\system.threading.monitor.obj
f:\compilers\sdl-dna\sdl-mirror-master\visualc\sdl\win32\release\system.threading.interlocked.obj
f:\compilers\sdl-dna\sdl-mirror-master\visualc\sdl\win32\release\system.string.obj
f:\compilers\sdl-dna\sdl-mirror-master\visualc\sdl\win32\release\system.runtimetype.obj
f:\compilers\sdl-dna\sdl-mirror-master\visualc\sdl\win32\release\system.runtime.compilerservices.runtimehelpers.obj
f:\compilers\sdl-dna\sdl-mirror-master\visualc\sdl\win32\release\system.object.obj
f:\compilers\sdl-dna\sdl-mirror-master\visualc\sdl\win32\release\system.net.sockets.socket.obj
f:\compilers\sdl-dna\sdl-mirror-master\visualc\sdl\win32\release\system.net.dns.obj
f:\compilers\sdl-dna\sdl-mirror-master\visualc\sdl\win32\release\system.math.obj
f:\compilers\sdl-dna\sdl-mirror-master\visualc\sdl\win32\release\system.io.fileinternal.obj
f:\compilers\sdl-dna\sdl-mirror-master\visualc\sdl\win32\release\system.gc.obj
f:\compilers\sdl-dna\sdl-mirror-master\visualc\sdl\win32\release\system.environment.obj
f:\compilers\sdl-dna\sdl-mirror-master\visualc\sdl\win32\release\system.enum.obj
f:\compilers\sdl-dna\sdl-mirror-master\visualc\sdl\win32\release\sdl_audio.obj
f:\compilers\sdl-dna\sdl-mirror-master\visualc\sdl\win32\release\sdl_atomic.obj
f:\compilers\sdl-dna\sdl-mirror-master\visualc\sdl\win32\release\sdl_assert.obj
f:\compilers\sdl-dna\sdl-mirror-master\visualc\sdl\win32\release\sdl.obj
f:\compilers\sdl-dna\sdl-mirror-master\visualc\sdl\win32\release\s_tan.obj
f:\compilers\sdl-dna\sdl-mirror-master\visualc\sdl\win32\release\s_sin.obj
f:\compilers\sdl-dna\sdl-mirror-master\visualc\sdl\win32\release\s_scalbn.obj
f:\compilers\sdl-dna\sdl-mirror-master\visualc\sdl\win32\release\s_floor.obj
f:\compilers\sdl-dna\sdl-mirror-master\visualc\sdl\win32\release\s_fabs.obj
f:\compilers\sdl-dna\sdl-mirror-master\visualc\sdl\win32\release\s_cos.obj
f:\compilers\sdl-dna\sdl-mirror-master\visualc\sdl\win32\release\s_copysign.obj
f:\compilers\sdl-dna\sdl-mirror-master\visualc\sdl\win32\release\s_atan.obj
f:\compilers\sdl-dna\sdl-mirror-master\visualc\sdl\win32\release\k_tan.obj
f:\compilers\sdl-dna\sdl-mirror-master\visualc\sdl\win32\release\k_sin.obj
f:\compilers\sdl-dna\sdl-mirror-master\visualc\sdl\win32\release\k_rem_pio2.obj
f:\compilers\sdl-dna\sdl-mirror-master\visualc\sdl\win32\release\k_cos.obj
f:\compilers\sdl-dna\sdl-mirror-master\visualc\sdl\win32\release\e_sqrt.obj
f:\compilers\sdl-dna\sdl-mirror-master\visualc\sdl\win32\release\e_rem_pio2.obj
f:\compilers\sdl-dna\sdl-mirror-master\visualc\sdl\win32\release\e_pow.obj
f:\compilers\sdl-dna\sdl-mirror-master\visualc\sdl\win32\release\e_log.obj
f:\compilers\sdl-dna\sdl-mirror-master\visualc\sdl\win32\release\sdl_dinputhaptic.obj
f:\compilers\sdl-dna\sdl-mirror-master\visualc\sdl\win32\release\sdl_d3dmath.obj
f:\compilers\sdl-dna\sdl-mirror-master\visualc\sdl\win32\release\sdl_cpuinfo.obj
f:\compilers\sdl-dna\sdl-mirror-master\visualc\sdl\win32\release\sdl_clipboardevents.obj
f:\compilers\sdl-dna\sdl-mirror-master\visualc\sdl\win32\release\sdl_clipboard.obj
f:\compilers\sdl-dna\sdl-mirror-master\visualc\sdl\win32\release\sdl_bmp.obj
f:\compilers\sdl-dna\sdl-mirror-master\visualc\sdl\win32\release\sdl_blit_slow.obj
f:\compilers\sdl-dna\sdl-mirror-master\visualc\sdl\win32\release\sdl_blit_n.obj
f:\compilers\sdl-dna\sdl-mirror-master\visualc\sdl\win32\release\sdl_blit_copy.obj
f:\compilers\sdl-dna\sdl-mirror-master\visualc\sdl\win32\release\sdl_blit_auto.obj
f:\compilers\sdl-dna\sdl-mirror-master\visualc\sdl\win32\release\sdl_blit_a.obj
f:\compilers\sdl-dna\sdl-mirror-master\visualc\sdl\win32\release\sdl_blit_1.obj
f:\compilers\sdl-dna\sdl-mirror-master\visualc\sdl\win32\release\sdl_blit_0.obj
f:\compilers\sdl-dna\sdl-mirror-master\visualc\sdl\win32\release\sdl_blit.obj
f:\compilers\sdl-dna\sdl-mirror-master\visualc\sdl\win32\release\sdl_blendpoint.obj
f:\compilers\sdl-dna\sdl-mirror-master\visualc\sdl\win32\release\sdl_blendline.obj
f:\compilers\sdl-dna\sdl-mirror-master\visualc\sdl\win32\release\sdl_blendfillrect.obj
f:\compilers\sdl-dna\sdl-mirror-master\visualc\sdl\win32\release\sdl_audiotypecvt.obj
f:\compilers\sdl-dna\sdl-mirror-master\visualc\sdl\win32\release\sdl_audiodev.obj
f:\compilers\sdl-dna\sdl-mirror-master\visualc\sdl\win32\release\sdl_audiocvt.obj
f:\compilers\sdl-dna\sdl-mirror-master\visualc\sdl\win32\release\sdl_keyboard.obj
f:\compilers\sdl-dna\sdl-mirror-master\visualc\sdl\win32\release\sdl_joystick.obj
f:\compilers\sdl-dna\sdl-mirror-master\visualc\sdl\win32\release\sdl_iconv.obj
f:\compilers\sdl-dna\sdl-mirror-master\visualc\sdl\win32\release\sdl_hints.obj
f:\compilers\sdl-dna\sdl-mirror-master\visualc\sdl\win32\release\sdl_haptic.obj
f:\compilers\sdl-dna\sdl-mirror-master\visualc\sdl\win32\release\sdl_getenv.obj
f:\compilers\sdl-dna\sdl-mirror-master\visualc\sdl\win32\release\sdl_gesture.obj
f:\compilers\sdl-dna\sdl-mirror-master\visualc\sdl\win32\release\sdl_gamecontroller.obj
f:\compilers\sdl-dna\sdl-mirror-master\visualc\sdl\win32\release\sdl_fillrect.obj
f:\compilers\sdl-dna\sdl-mirror-master\visualc\sdl\win32\release\sdl_events.obj
f:\compilers\sdl-dna\sdl-mirror-master\visualc\sdl\win32\release\sdl_error.obj
f:\compilers\sdl-dna\sdl-mirror-master\visualc\sdl\win32\release\sdl_egl.obj
f:\compilers\sdl-dna\sdl-mirror-master\visualc\sdl\win32\release\sdl_dynapi.obj
f:\compilers\sdl-dna\sdl-mirror-master\visualc\sdl\win32\release\sdl_dummyaudio.obj
f:\compilers\sdl-dna\sdl-mirror-master\visualc\sdl\win32\release\sdl_dropevents.obj
f:\compilers\sdl-dna\sdl-mirror-master\visualc\sdl\win32\release\sdl_drawpoint.obj
f:\compilers\sdl-dna\sdl-mirror-master\visualc\sdl\win32\release\sdl_drawline.obj
f:\compilers\sdl-dna\sdl-mirror-master\visualc\sdl\win32\release\sdl_diskaudio.obj
f:\compilers\sdl-dna\sdl-mirror-master\visualc\sdl\win32\release\sdl_directsound.obj
f:\compilers\sdl-dna\sdl-mirror-master\visualc\sdl\win32\release\sdl_dinputjoystick.obj
f:\compilers\sdl-dna\sdl-mirror-master\visualc\sdl\win32\release\sdl_rleaccel.obj
f:\compilers\sdl-dna\sdl-mirror-master\visualc\sdl\win32\release\sdl_render_sw.obj
f:\compilers\sdl-dna\sdl-mirror-master\visualc\sdl\win32\release\sdl_render_gles2.obj
f:\compilers\sdl-dna\sdl-mirror-master\visualc\sdl\win32\release\sdl_render_gl.obj
f:\compilers\sdl-dna\sdl-mirror-master\visualc\sdl\win32\release\sdl_render_d3d11.obj
f:\compilers\sdl-dna\sdl-mirror-master\visualc\sdl\win32\release\sdl_render_d3d.obj
f:\compilers\sdl-dna\sdl-mirror-master\visualc\sdl\win32\release\sdl_render.obj
f:\compilers\sdl-dna\sdl-mirror-master\visualc\sdl\win32\release\sdl_rect.obj
f:\compilers\sdl-dna\sdl-mirror-master\visualc\sdl\win32\release\sdl_quit.obj
f:\compilers\sdl-dna\sdl-mirror-master\visualc\sdl\win32\release\sdl_qsort.obj
f:\compilers\sdl-dna\sdl-mirror-master\visualc\sdl\win32\release\sdl_power.obj
f:\compilers\sdl-dna\sdl-mirror-master\visualc\sdl\win32\release\sdl_pixels.obj
f:\compilers\sdl-dna\sdl-mirror-master\visualc\sdl\win32\release\sdl_nullvideo.obj
f:\compilers\sdl-dna\sdl-mirror-master\visualc\sdl\win32\release\sdl_nullframebuffer.obj
f:\compilers\sdl-dna\sdl-mirror-master\visualc\sdl\win32\release\sdl_nullevents.obj
f:\compilers\sdl-dna\sdl-mirror-master\visualc\sdl\win32\release\sdl_mouse.obj
f:\compilers\sdl-dna\sdl-mirror-master\visualc\sdl\win32\release\sdl_mmjoystick.obj
f:\compilers\sdl-dna\sdl-mirror-master\visualc\sdl\win32\release\sdl_mixer.obj
f:\compilers\sdl-dna\sdl-mirror-master\visualc\sdl\win32\release\sdl_malloc.obj
f:\compilers\sdl-dna\sdl-mirror-master\visualc\sdl\win32\release\sdl_log.obj
f:\compilers\sdl-dna\sdl-mirror-master\visualc\sdl\win32\release\sdl_thread.obj
f:\compilers\sdl-dna\sdl-mirror-master\visualc\sdl\win32\release\sdl_systls.obj
f:\compilers\sdl-dna\sdl-mirror-master\visualc\sdl\win32\release\sdl_systimer.obj
f:\compilers\sdl-dna\sdl-mirror-master\visualc\sdl\win32\release\sdl_systhread.obj
f:\compilers\sdl-dna\sdl-mirror-master\visualc\sdl\win32\release\sdl_syssem.obj
f:\compilers\sdl-dna\sdl-mirror-master\visualc\sdl\win32\release\sdl_syspower.obj
f:\compilers\sdl-dna\sdl-mirror-master\visualc\sdl\win32\release\sdl_sysmutex.obj
f:\compilers\sdl-dna\sdl-mirror-master\visualc\sdl\win32\release\sdl_sysloadso.obj
f:\compilers\sdl-dna\sdl-mirror-master\visualc\sdl\win32\release\sdl_sysfilesystem.obj
f:\compilers\sdl-dna\sdl-mirror-master\visualc\sdl\win32\release\sdl_syscond.obj
f:\compilers\sdl-dna\sdl-mirror-master\visualc\sdl\win32\release\sdl_surface.obj
f:\compilers\sdl-dna\sdl-mirror-master\visualc\sdl\win32\release\sdl_string.obj
f:\compilers\sdl-dna\sdl-mirror-master\visualc\sdl\win32\release\sdl_stretch.obj
f:\compilers\sdl-dna\sdl-mirror-master\visualc\sdl\win32\release\sdl_stdlib.obj
f:\compilers\sdl-dna\sdl-mirror-master\visualc\sdl\win32\release\sdl_spinlock.obj
f:\compilers\sdl-dna\sdl-mirror-master\visualc\sdl\win32\release\sdl_shape.obj
f:\compilers\sdl-dna\sdl-mirror-master\visualc\sdl\win32\release\sdl_shaders_gles2.obj
f:\compilers\sdl-dna\sdl-mirror-master\visualc\sdl\win32\release\sdl_shaders_gl.obj
f:\compilers\sdl-dna\sdl-mirror-master\visualc\sdl\win32\release\sdl_rwops.obj
f:\compilers\sdl-dna\sdl-mirror-master\visualc\sdl\win32\release\sdl_rotate.obj
f:\compilers\sdl-dna\sdl-mirror-master\visualc\sdl\win32\release\sdl_windowswindow.obj
f:\compilers\sdl-dna\sdl-mirror-master\visualc\sdl\win32\release\sdl_windowsvideo.obj
f:\compilers\sdl-dna\sdl-mirror-master\visualc\sdl\win32\release\sdl_windowsshape.obj
f:\compilers\sdl-dna\sdl-mirror-master\visualc\sdl\win32\release\sdl_windowsopengles.obj
f:\compilers\sdl-dna\sdl-mirror-master\visualc\sdl\win32\release\sdl_windowsopengl.obj
f:\compilers\sdl-dna\sdl-mirror-master\visualc\sdl\win32\release\sdl_windowsmouse.obj
f:\compilers\sdl-dna\sdl-mirror-master\visualc\sdl\win32\release\sdl_windowsmodes.obj
f:\compilers\sdl-dna\sdl-mirror-master\visualc\sdl\win32\release\sdl_windowsmessagebox.obj
f:\compilers\sdl-dna\sdl-mirror-master\visualc\sdl\win32\release\sdl_windowskeyboard.obj
f:\compilers\sdl-dna\sdl-mirror-master\visualc\sdl\win32\release\sdl_windowsjoystick.obj
f:\compilers\sdl-dna\sdl-mirror-master\visualc\sdl\win32\release\sdl_windowshaptic.obj
f:\compilers\sdl-dna\sdl-mirror-master\visualc\sdl\win32\release\sdl_windowsframebuffer.obj
f:\compilers\sdl-dna\sdl-mirror-master\visualc\sdl\win32\release\sdl_windowsevents.obj
f:\compilers\sdl-dna\sdl-mirror-master\visualc\sdl\win32\release\sdl_windowsclipboard.obj
f:\compilers\sdl-dna\sdl-mirror-master\visualc\sdl\win32\release\sdl_windows.obj
f:\compilers\sdl-dna\sdl-mirror-master\visualc\sdl\win32\release\sdl_windowevents.obj
f:\compilers\sdl-dna\sdl-mirror-master\visualc\sdl\win32\release\sdl_wave.obj
f:\compilers\sdl-dna\sdl-mirror-master\visualc\sdl\win32\release\sdl_video.obj
f:\compilers\sdl-dna\sdl-mirror-master\visualc\sdl\win32\release\sdl_touch.obj
f:\compilers\sdl-dna\sdl-mirror-master\visualc\sdl\win32\release\sdl_timer.obj
f:\compilers\sdl-dna\sdl-mirror-master\visualc\sdl\win32\release\sdl_yuv_sw.obj
f:\compilers\sdl-dna\sdl-mirror-master\visualc\sdl\win32\release\sdl_yuv_mmx.obj
f:\compilers\sdl-dna\sdl-mirror-master\visualc\sdl\win32\release\sdl_xinputjoystick.obj
f:\compilers\sdl-dna\sdl-mirror-master\visualc\sdl\win32\release\sdl_xinputhaptic.obj
f:\compilers\sdl-dna\sdl-mirror-master\visualc\sdl\win32\release\sdl_xinput.obj
f:\compilers\sdl-dna\sdl-mirror-master\visualc\sdl\win32\release\sdl_xaudio2.obj
f:\compilers\sdl-dna\sdl-mirror-master\visualc\sdl\win32\release\sdl_winmm.obj
f:\compilers\sdl-dna\sdl-mirror-master\visualc\win32\release\sdl2.lib
f:\compilers\sdl-dna\sdl-mirror-master\visualc\sdl\win32\release\version.res
f:\compilers\sdl-dna\sdl-mirror-master\visualc\sdl\win32\release\sdl2.tlog\cl.command.1.tlog
f:\compilers\sdl-dna\sdl-mirror-master\visualc\sdl\win32\release\sdl2.tlog\cl.read.1.tlog
f:\compilers\sdl-dna\sdl-mirror-master\visualc\sdl\win32\release\sdl2.tlog\cl.write.1.tlog
f:\compilers\sdl-dna\sdl-mirror-master\visualc\sdl\win32\release\sdl2.tlog\lib-link-cvtres.read.1.tlog
f:\compilers\sdl-dna\sdl-mirror-master\visualc\sdl\win32\release\sdl2.tlog\lib-link-cvtres.write.1.tlog
f:\compilers\sdl-dna\sdl-mirror-master\visualc\sdl\win32\release\sdl2.tlog\lib.command.1.tlog
f:\compilers\sdl-dna\sdl-mirror-master\visualc\sdl\win32\release\sdl2.tlog\rc.command.1.tlog
f:\compilers\sdl-dna\sdl-mirror-master\visualc\sdl\win32\release\sdl2.tlog\rc.read.1.tlog
f:\compilers\sdl-dna\sdl-mirror-master\visualc\sdl\win32\release\sdl2.tlog\rc.write.1.tlog
